<?xml version="1.0" ?>
<testsuite errors="0" failures="0" name="UnitTestBpCalc-20201203135123" tests="10" time="0.002">
	<testcase classname="UnitTestBpCalc" name="test_highlood" time="0.000"/>
	<testcase classname="UnitTestBpCalc" name="test_idealblood" time="0.000"/>
	<testcase classname="UnitTestBpCalc" name="test_invalddias" time="0.000"/>
	<testcase classname="UnitTestBpCalc" name="test_invalidchar" time="0.000"/>
	<testcase classname="UnitTestBpCalc" name="test_invalidrangedias" time="0.000"/>
	<testcase classname="UnitTestBpCalc" name="test_invalidrangesys" time="0.000"/>
	<testcase classname="UnitTestBpCalc" name="test_invalidsys" time="0.000"/>
	<testcase classname="UnitTestBpCalc" name="test_lowblood" time="0.000"/>
	<testcase classname="UnitTestBpCalc" name="test_preblood" time="0.000"/>
	<testcase classname="UnitTestBpCalc" name="test_valid" time="0.000"/>
	<system-out>
<![CDATA[]]>	</system-out>
	<system-err>
<![CDATA[]]>	</system-err>
</testsuite>
